CRITICAL - 2023-09-12 03:02:50 --> Invalid file: "signin.php"
in SYSTEMPATH\Exceptions\FrameworkException.php on line 39.
 1 SYSTEMPATH\View\View.php(214): CodeIgniter\Exceptions\FrameworkException::forInvalidFile('signin.php')
 2 SYSTEMPATH\Common.php(1188): CodeIgniter\View\View->render('signin', [], true)
 3 APPPATH\Controllers\Home.php(24): view('signin')
 4 SYSTEMPATH\CodeIgniter.php(919): App\Controllers\Home->signin()
 5 SYSTEMPATH\CodeIgniter.php(494): CodeIgniter\CodeIgniter->runController(Object(App\Controllers\Home))
 6 SYSTEMPATH\CodeIgniter.php(353): CodeIgniter\CodeIgniter->handleRequest(null, Object(Config\Cache), false)
 7 FCPATH\index.php(79): CodeIgniter\CodeIgniter->run()
 8 SYSTEMPATH\Commands\Server\rewrite.php(47): require_once('D:\\xampp\\htdocs\\project-pkl\\public\\index.php')
CRITICAL - 2023-09-12 03:03:27 --> Invalid file: "signin.php"
in SYSTEMPATH\Exceptions\FrameworkException.php on line 39.
 1 SYSTEMPATH\View\View.php(214): CodeIgniter\Exceptions\FrameworkException::forInvalidFile('signin.php')
 2 SYSTEMPATH\Common.php(1188): CodeIgniter\View\View->render('signin', [], true)
 3 APPPATH\Controllers\Home.php(24): view('signin')
 4 SYSTEMPATH\CodeIgniter.php(919): App\Controllers\Home->signin()
 5 SYSTEMPATH\CodeIgniter.php(494): CodeIgniter\CodeIgniter->runController(Object(App\Controllers\Home))
 6 SYSTEMPATH\CodeIgniter.php(353): CodeIgniter\CodeIgniter->handleRequest(null, Object(Config\Cache), false)
 7 FCPATH\index.php(79): CodeIgniter\CodeIgniter->run()
 8 SYSTEMPATH\Commands\Server\rewrite.php(47): require_once('D:\\xampp\\htdocs\\project-pkl\\public\\index.php')
CRITICAL - 2023-09-12 03:05:45 --> The namespace delimiter is a backslash (\), not a slash (/). Route handler: "\App\Controllers\Main/Home::index"
in SYSTEMPATH\Router\Router.php on line 477.
 1 SYSTEMPATH\Router\Router.php(477): CodeIgniter\Router\Exceptions\RouterException::forInvalidControllerName('\\App\\Controllers\\Main/Home::index')
 2 SYSTEMPATH\Router\Router.php(184): CodeIgniter\Router\Router->checkRoutes('/')
 3 SYSTEMPATH\CodeIgniter.php(800): CodeIgniter\Router\Router->handle('/')
 4 SYSTEMPATH\CodeIgniter.php(442): CodeIgniter\CodeIgniter->tryToRouteIt(Object(CodeIgniter\Router\RouteCollection))
 5 SYSTEMPATH\CodeIgniter.php(353): CodeIgniter\CodeIgniter->handleRequest(null, Object(Config\Cache), false)
 6 FCPATH\index.php(79): CodeIgniter\CodeIgniter->run()
 7 SYSTEMPATH\Commands\Server\rewrite.php(47): require_once('D:\\xampp\\htdocs\\project-pkl\\public\\index.php')
CRITICAL - 2023-09-12 04:57:50 --> Call to undefined function form_open()
in APPPATH\Views\Main\signin.php on line 35.
 1 SYSTEMPATH\View\View.php(226): include()
 2 SYSTEMPATH\View\View.php(229): CodeIgniter\View\View->CodeIgniter\View\{closure}()
 3 SYSTEMPATH\Common.php(1188): CodeIgniter\View\View->render('Main/signin', [], true)
 4 APPPATH\Controllers\Main\Dashboard.php(26): view('Main/signin')
 5 SYSTEMPATH\CodeIgniter.php(919): App\Controllers\Main\Dashboard->signin()
 6 SYSTEMPATH\CodeIgniter.php(494): CodeIgniter\CodeIgniter->runController(Object(App\Controllers\Main\Dashboard))
 7 SYSTEMPATH\CodeIgniter.php(353): CodeIgniter\CodeIgniter->handleRequest(null, Object(Config\Cache), false)
 8 FCPATH\index.php(79): CodeIgniter\CodeIgniter->run()
 9 SYSTEMPATH\Commands\Server\rewrite.php(47): require_once('C:\\xampp\\htdocs\\project-pkl\\public\\index.php')
CRITICAL - 2023-09-12 04:58:25 --> Call to undefined function form_open()
in APPPATH\Views\Main\signin.php on line 35.
 1 SYSTEMPATH\View\View.php(226): include()
 2 SYSTEMPATH\View\View.php(229): CodeIgniter\View\View->CodeIgniter\View\{closure}()
 3 SYSTEMPATH\Common.php(1188): CodeIgniter\View\View->render('Main/signin', [], true)
 4 APPPATH\Controllers\Main\Dashboard.php(26): view('Main/signin')
 5 SYSTEMPATH\CodeIgniter.php(919): App\Controllers\Main\Dashboard->signin()
 6 SYSTEMPATH\CodeIgniter.php(494): CodeIgniter\CodeIgniter->runController(Object(App\Controllers\Main\Dashboard))
 7 SYSTEMPATH\CodeIgniter.php(353): CodeIgniter\CodeIgniter->handleRequest(null, Object(Config\Cache), false)
 8 FCPATH\index.php(79): CodeIgniter\CodeIgniter->run()
 9 SYSTEMPATH\Commands\Server\rewrite.php(47): require_once('C:\\xampp\\htdocs\\project-pkl\\public\\index.php')
CRITICAL - 2023-09-12 05:15:06 --> Call to undefined function form_open()
in APPPATH\Views\Main\signup.php on line 36.
 1 SYSTEMPATH\View\View.php(226): include()
 2 SYSTEMPATH\View\View.php(229): CodeIgniter\View\View->CodeIgniter\View\{closure}()
 3 SYSTEMPATH\Common.php(1188): CodeIgniter\View\View->render('Main/signup', [], true)
 4 APPPATH\Controllers\Main\Dashboard.php(31): view('Main/signup')
 5 SYSTEMPATH\CodeIgniter.php(919): App\Controllers\Main\Dashboard->signup()
 6 SYSTEMPATH\CodeIgniter.php(494): CodeIgniter\CodeIgniter->runController(Object(App\Controllers\Main\Dashboard))
 7 SYSTEMPATH\CodeIgniter.php(353): CodeIgniter\CodeIgniter->handleRequest(null, Object(Config\Cache), false)
 8 FCPATH\index.php(79): CodeIgniter\CodeIgniter->run()
 9 SYSTEMPATH\Commands\Server\rewrite.php(47): require_once('C:\\xampp\\htdocs\\project-pkl\\public\\index.php')
CRITICAL - 2023-09-12 05:15:27 --> Call to undefined function form_open()
in APPPATH\Views\Main\signup.php on line 36.
 1 SYSTEMPATH\View\View.php(226): include()
 2 SYSTEMPATH\View\View.php(229): CodeIgniter\View\View->CodeIgniter\View\{closure}()
 3 SYSTEMPATH\Common.php(1188): CodeIgniter\View\View->render('Main/signup', [], true)
 4 APPPATH\Controllers\Main\Dashboard.php(31): view('Main/signup')
 5 SYSTEMPATH\CodeIgniter.php(919): App\Controllers\Main\Dashboard->signup()
 6 SYSTEMPATH\CodeIgniter.php(494): CodeIgniter\CodeIgniter->runController(Object(App\Controllers\Main\Dashboard))
 7 SYSTEMPATH\CodeIgniter.php(353): CodeIgniter\CodeIgniter->handleRequest(null, Object(Config\Cache), false)
 8 FCPATH\index.php(79): CodeIgniter\CodeIgniter->run()
 9 SYSTEMPATH\Commands\Server\rewrite.php(47): require_once('C:\\xampp\\htdocs\\project-pkl\\public\\index.php')
CRITICAL - 2023-09-12 05:15:29 --> Call to undefined function form_open()
in APPPATH\Views\Main\signup.php on line 36.
 1 SYSTEMPATH\View\View.php(226): include()
 2 SYSTEMPATH\View\View.php(229): CodeIgniter\View\View->CodeIgniter\View\{closure}()
 3 SYSTEMPATH\Common.php(1188): CodeIgniter\View\View->render('Main/signup', [], true)
 4 APPPATH\Controllers\Main\Dashboard.php(31): view('Main/signup')
 5 SYSTEMPATH\CodeIgniter.php(919): App\Controllers\Main\Dashboard->signup()
 6 SYSTEMPATH\CodeIgniter.php(494): CodeIgniter\CodeIgniter->runController(Object(App\Controllers\Main\Dashboard))
 7 SYSTEMPATH\CodeIgniter.php(353): CodeIgniter\CodeIgniter->handleRequest(null, Object(Config\Cache), false)
 8 FCPATH\index.php(79): CodeIgniter\CodeIgniter->run()
 9 SYSTEMPATH\Commands\Server\rewrite.php(47): require_once('C:\\xampp\\htdocs\\project-pkl\\public\\index.php')
CRITICAL - 2023-09-12 05:17:11 --> Call to undefined function form_open()
in APPPATH\Views\Main\signup.php on line 34.
 1 SYSTEMPATH\View\View.php(226): include()
 2 SYSTEMPATH\View\View.php(229): CodeIgniter\View\View->CodeIgniter\View\{closure}()
 3 SYSTEMPATH\Common.php(1188): CodeIgniter\View\View->render('Main/signup', [], true)
 4 APPPATH\Controllers\Main\Dashboard.php(31): view('Main/signup')
 5 SYSTEMPATH\CodeIgniter.php(919): App\Controllers\Main\Dashboard->signup()
 6 SYSTEMPATH\CodeIgniter.php(494): CodeIgniter\CodeIgniter->runController(Object(App\Controllers\Main\Dashboard))
 7 SYSTEMPATH\CodeIgniter.php(353): CodeIgniter\CodeIgniter->handleRequest(null, Object(Config\Cache), false)
 8 FCPATH\index.php(79): CodeIgniter\CodeIgniter->run()
 9 SYSTEMPATH\Commands\Server\rewrite.php(47): require_once('C:\\xampp\\htdocs\\project-pkl\\public\\index.php')
CRITICAL - 2023-09-12 05:26:53 --> Call to undefined function form_open()
in APPPATH\Views\Main\signup.php on line 34.
 1 SYSTEMPATH\View\View.php(226): include()
 2 SYSTEMPATH\View\View.php(229): CodeIgniter\View\View->CodeIgniter\View\{closure}()
 3 SYSTEMPATH\Common.php(1188): CodeIgniter\View\View->render('Main/signup', [], true)
 4 APPPATH\Controllers\Main\Dashboard.php(71): view('Main/signup')
 5 SYSTEMPATH\CodeIgniter.php(919): App\Controllers\Main\Dashboard->signup()
 6 SYSTEMPATH\CodeIgniter.php(494): CodeIgniter\CodeIgniter->runController(Object(App\Controllers\Main\Dashboard))
 7 SYSTEMPATH\CodeIgniter.php(353): CodeIgniter\CodeIgniter->handleRequest(null, Object(Config\Cache), false)
 8 FCPATH\index.php(79): CodeIgniter\CodeIgniter->run()
 9 SYSTEMPATH\Commands\Server\rewrite.php(47): require_once('C:\\xampp\\htdocs\\project-pkl\\public\\index.php')
CRITICAL - 2023-09-12 05:33:40 --> Invalid file: "/sign-up.php"
in SYSTEMPATH\Exceptions\FrameworkException.php on line 39.
 1 SYSTEMPATH\View\View.php(214): CodeIgniter\Exceptions\FrameworkException::forInvalidFile('/sign-up.php')
 2 SYSTEMPATH\Common.php(1188): CodeIgniter\View\View->render('/sign-up', [], true)
 3 APPPATH\Controllers\Main\Dashboard.php(38): view('/sign-up')
 4 SYSTEMPATH\CodeIgniter.php(919): App\Controllers\Main\Dashboard->signup()
 5 SYSTEMPATH\CodeIgniter.php(494): CodeIgniter\CodeIgniter->runController(Object(App\Controllers\Main\Dashboard))
 6 SYSTEMPATH\CodeIgniter.php(353): CodeIgniter\CodeIgniter->handleRequest(null, Object(Config\Cache), false)
 7 FCPATH\index.php(79): CodeIgniter\CodeIgniter->run()
 8 SYSTEMPATH\Commands\Server\rewrite.php(47): require_once('C:\\xampp\\htdocs\\project-pkl\\public\\index.php')
CRITICAL - 2023-09-12 05:34:23 --> Invalid file: "/sign-up.php"
in SYSTEMPATH\Exceptions\FrameworkException.php on line 39.
 1 SYSTEMPATH\View\View.php(214): CodeIgniter\Exceptions\FrameworkException::forInvalidFile('/sign-up.php')
 2 SYSTEMPATH\Common.php(1188): CodeIgniter\View\View->render('/sign-up', [], true)
 3 APPPATH\Controllers\Main\Dashboard.php(38): view('/sign-up')
 4 SYSTEMPATH\CodeIgniter.php(919): App\Controllers\Main\Dashboard->signup()
 5 SYSTEMPATH\CodeIgniter.php(494): CodeIgniter\CodeIgniter->runController(Object(App\Controllers\Main\Dashboard))
 6 SYSTEMPATH\CodeIgniter.php(353): CodeIgniter\CodeIgniter->handleRequest(null, Object(Config\Cache), false)
 7 FCPATH\index.php(79): CodeIgniter\CodeIgniter->run()
 8 SYSTEMPATH\Commands\Server\rewrite.php(47): require_once('C:\\xampp\\htdocs\\project-pkl\\public\\index.php')
CRITICAL - 2023-09-12 05:38:04 --> Invalid file: "/sign-up.php"
in SYSTEMPATH\Exceptions\FrameworkException.php on line 39.
 1 SYSTEMPATH\View\View.php(214): CodeIgniter\Exceptions\FrameworkException::forInvalidFile('/sign-up.php')
 2 SYSTEMPATH\Common.php(1188): CodeIgniter\View\View->render('/sign-up', [], true)
 3 APPPATH\Controllers\Main\Dashboard.php(38): view('/sign-up')
 4 SYSTEMPATH\CodeIgniter.php(919): App\Controllers\Main\Dashboard->signup()
 5 SYSTEMPATH\CodeIgniter.php(494): CodeIgniter\CodeIgniter->runController(Object(App\Controllers\Main\Dashboard))
 6 SYSTEMPATH\CodeIgniter.php(353): CodeIgniter\CodeIgniter->handleRequest(null, Object(Config\Cache), false)
 7 FCPATH\index.php(79): CodeIgniter\CodeIgniter->run()
 8 SYSTEMPATH\Commands\Server\rewrite.php(47): require_once('C:\\xampp\\htdocs\\project-pkl\\public\\index.php')
CRITICAL - 2023-09-12 05:38:11 --> Invalid file: "/sign-up.php"
in SYSTEMPATH\Exceptions\FrameworkException.php on line 39.
 1 SYSTEMPATH\View\View.php(214): CodeIgniter\Exceptions\FrameworkException::forInvalidFile('/sign-up.php')
 2 SYSTEMPATH\Common.php(1188): CodeIgniter\View\View->render('/sign-up', [], true)
 3 APPPATH\Controllers\Main\Dashboard.php(38): view('/sign-up')
 4 SYSTEMPATH\CodeIgniter.php(919): App\Controllers\Main\Dashboard->signup()
 5 SYSTEMPATH\CodeIgniter.php(494): CodeIgniter\CodeIgniter->runController(Object(App\Controllers\Main\Dashboard))
 6 SYSTEMPATH\CodeIgniter.php(353): CodeIgniter\CodeIgniter->handleRequest(null, Object(Config\Cache), false)
 7 FCPATH\index.php(79): CodeIgniter\CodeIgniter->run()
 8 SYSTEMPATH\Commands\Server\rewrite.php(47): require_once('C:\\xampp\\htdocs\\project-pkl\\public\\index.php')
CRITICAL - 2023-09-12 05:38:13 --> Invalid file: "/sign-up.php"
in SYSTEMPATH\Exceptions\FrameworkException.php on line 39.
 1 SYSTEMPATH\View\View.php(214): CodeIgniter\Exceptions\FrameworkException::forInvalidFile('/sign-up.php')
 2 SYSTEMPATH\Common.php(1188): CodeIgniter\View\View->render('/sign-up', [], true)
 3 APPPATH\Controllers\Main\Dashboard.php(38): view('/sign-up')
 4 SYSTEMPATH\CodeIgniter.php(919): App\Controllers\Main\Dashboard->signup()
 5 SYSTEMPATH\CodeIgniter.php(494): CodeIgniter\CodeIgniter->runController(Object(App\Controllers\Main\Dashboard))
 6 SYSTEMPATH\CodeIgniter.php(353): CodeIgniter\CodeIgniter->handleRequest(null, Object(Config\Cache), false)
 7 FCPATH\index.php(79): CodeIgniter\CodeIgniter->run()
 8 SYSTEMPATH\Commands\Server\rewrite.php(47): require_once('C:\\xampp\\htdocs\\project-pkl\\public\\index.php')
INFO - 2023-09-12 05:42:42 --> Session: Class initialized using 'CodeIgniter\Session\Handlers\FileHandler' driver.
INFO - 2023-09-12 05:43:49 --> Session: Class initialized using 'CodeIgniter\Session\Handlers\FileHandler' driver.
INFO - 2023-09-12 05:47:02 --> Session: Class initialized using 'CodeIgniter\Session\Handlers\FileHandler' driver.
CRITICAL - 2023-09-12 06:29:03 --> Invalid file: "/sign-in.php"
in SYSTEMPATH\Exceptions\FrameworkException.php on line 39.
 1 SYSTEMPATH\View\View.php(214): CodeIgniter\Exceptions\FrameworkException::forInvalidFile('/sign-in.php')
 2 SYSTEMPATH\Common.php(1188): CodeIgniter\View\View->render('/sign-in', [], true)
 3 APPPATH\Controllers\Main\Dashboard.php(61): view('/sign-in')
 4 SYSTEMPATH\CodeIgniter.php(919): App\Controllers\Main\Dashboard->signin()
 5 SYSTEMPATH\CodeIgniter.php(494): CodeIgniter\CodeIgniter->runController(Object(App\Controllers\Main\Dashboard))
 6 SYSTEMPATH\CodeIgniter.php(353): CodeIgniter\CodeIgniter->handleRequest(null, Object(Config\Cache), false)
 7 FCPATH\index.php(79): CodeIgniter\CodeIgniter->run()
 8 SYSTEMPATH\Commands\Server\rewrite.php(47): require_once('C:\\xampp\\htdocs\\project-pkl\\public\\index.php')
CRITICAL - 2023-09-12 06:29:25 --> Invalid file: "Main/sign-in.php"
in SYSTEMPATH\Exceptions\FrameworkException.php on line 39.
 1 SYSTEMPATH\View\View.php(214): CodeIgniter\Exceptions\FrameworkException::forInvalidFile('Main/sign-in.php')
 2 SYSTEMPATH\Common.php(1188): CodeIgniter\View\View->render('Main/sign-in', [], true)
 3 APPPATH\Controllers\Main\Dashboard.php(61): view('Main/sign-in')
 4 SYSTEMPATH\CodeIgniter.php(919): App\Controllers\Main\Dashboard->signin()
 5 SYSTEMPATH\CodeIgniter.php(494): CodeIgniter\CodeIgniter->runController(Object(App\Controllers\Main\Dashboard))
 6 SYSTEMPATH\CodeIgniter.php(353): CodeIgniter\CodeIgniter->handleRequest(null, Object(Config\Cache), false)
 7 FCPATH\index.php(79): CodeIgniter\CodeIgniter->run()
 8 SYSTEMPATH\Commands\Server\rewrite.php(47): require_once('C:\\xampp\\htdocs\\project-pkl\\public\\index.php')
CRITICAL - 2023-09-12 06:43:13 --> Unsupported operand types: string + string
in APPPATH\Controllers\Main\Dashboard.php on line 58.
 1 SYSTEMPATH\CodeIgniter.php(919): App\Controllers\Main\Dashboard->signin()
 2 SYSTEMPATH\CodeIgniter.php(494): CodeIgniter\CodeIgniter->runController(Object(App\Controllers\Main\Dashboard))
 3 SYSTEMPATH\CodeIgniter.php(353): CodeIgniter\CodeIgniter->handleRequest(null, Object(Config\Cache), false)
 4 FCPATH\index.php(79): CodeIgniter\CodeIgniter->run()
 5 SYSTEMPATH\Commands\Server\rewrite.php(47): require_once('C:\\xampp\\htdocs\\project-pkl\\public\\index.php')
CRITICAL - 2023-09-12 07:04:25 --> Too few arguments to function CodeIgniter\HTTP\Message::getHeader(), 0 passed in C:\xampp\htdocs\project-pkl\app\Filters\Auth.php on line 30 and exactly 1 expected
in SYSTEMPATH\HTTP\Message.php on line 85.
 1 APPPATH\Filters\Auth.php(30): CodeIgniter\HTTP\Message->getHeader()
 2 SYSTEMPATH\Filters\Filters.php(180): App\Filters\Auth->before(Object(CodeIgniter\HTTP\IncomingRequest), null)
 3 SYSTEMPATH\CodeIgniter.php(466): CodeIgniter\Filters\Filters->run('home', 'before')
 4 SYSTEMPATH\CodeIgniter.php(353): CodeIgniter\CodeIgniter->handleRequest(null, Object(Config\Cache), false)
 5 FCPATH\index.php(79): CodeIgniter\CodeIgniter->run()
 6 SYSTEMPATH\Commands\Server\rewrite.php(47): require_once('C:\\xampp\\htdocs\\project-pkl\\public\\index.php')
CRITICAL - 2023-09-12 07:58:01 --> Invalid file: "login.php"
in SYSTEMPATH\Exceptions\FrameworkException.php on line 39.
 1 SYSTEMPATH\View\View.php(214): CodeIgniter\Exceptions\FrameworkException::forInvalidFile('login.php')
 2 SYSTEMPATH\Common.php(1188): CodeIgniter\View\View->render('login', [], true)
 3 APPPATH\Controllers\Main\Dashboard.php(61): view('login')
 4 SYSTEMPATH\CodeIgniter.php(919): App\Controllers\Main\Dashboard->signin()
 5 SYSTEMPATH\CodeIgniter.php(494): CodeIgniter\CodeIgniter->runController(Object(App\Controllers\Main\Dashboard))
 6 SYSTEMPATH\CodeIgniter.php(353): CodeIgniter\CodeIgniter->handleRequest(null, Object(Config\Cache), false)
 7 FCPATH\index.php(79): CodeIgniter\CodeIgniter->run()
 8 SYSTEMPATH\Commands\Server\rewrite.php(47): require_once('C:\\xampp\\htdocs\\project-pkl\\public\\index.php')
CRITICAL - 2023-09-12 07:58:02 --> Invalid file: "login.php"
in SYSTEMPATH\Exceptions\FrameworkException.php on line 39.
 1 SYSTEMPATH\View\View.php(214): CodeIgniter\Exceptions\FrameworkException::forInvalidFile('login.php')
 2 SYSTEMPATH\Common.php(1188): CodeIgniter\View\View->render('login', [], true)
 3 APPPATH\Controllers\Main\Dashboard.php(61): view('login')
 4 SYSTEMPATH\CodeIgniter.php(919): App\Controllers\Main\Dashboard->signin()
 5 SYSTEMPATH\CodeIgniter.php(494): CodeIgniter\CodeIgniter->runController(Object(App\Controllers\Main\Dashboard))
 6 SYSTEMPATH\CodeIgniter.php(353): CodeIgniter\CodeIgniter->handleRequest(null, Object(Config\Cache), false)
 7 FCPATH\index.php(79): CodeIgniter\CodeIgniter->run()
 8 SYSTEMPATH\Commands\Server\rewrite.php(47): require_once('C:\\xampp\\htdocs\\project-pkl\\public\\index.php')
CRITICAL - 2023-09-12 07:58:05 --> Invalid file: "login.php"
in SYSTEMPATH\Exceptions\FrameworkException.php on line 39.
 1 SYSTEMPATH\View\View.php(214): CodeIgniter\Exceptions\FrameworkException::forInvalidFile('login.php')
 2 SYSTEMPATH\Common.php(1188): CodeIgniter\View\View->render('login', [], true)
 3 APPPATH\Controllers\Main\Dashboard.php(61): view('login')
 4 SYSTEMPATH\CodeIgniter.php(919): App\Controllers\Main\Dashboard->signin()
 5 SYSTEMPATH\CodeIgniter.php(494): CodeIgniter\CodeIgniter->runController(Object(App\Controllers\Main\Dashboard))
 6 SYSTEMPATH\CodeIgniter.php(353): CodeIgniter\CodeIgniter->handleRequest(null, Object(Config\Cache), false)
 7 FCPATH\index.php(79): CodeIgniter\CodeIgniter->run()
 8 SYSTEMPATH\Commands\Server\rewrite.php(47): require_once('C:\\xampp\\htdocs\\project-pkl\\public\\index.php')
CRITICAL - 2023-09-12 07:58:22 --> Invalid file: "login.php"
in SYSTEMPATH\Exceptions\FrameworkException.php on line 39.
 1 SYSTEMPATH\View\View.php(214): CodeIgniter\Exceptions\FrameworkException::forInvalidFile('login.php')
 2 SYSTEMPATH\Common.php(1188): CodeIgniter\View\View->render('login', [], true)
 3 APPPATH\Controllers\Main\Dashboard.php(61): view('login')
 4 SYSTEMPATH\CodeIgniter.php(919): App\Controllers\Main\Dashboard->signin()
 5 SYSTEMPATH\CodeIgniter.php(494): CodeIgniter\CodeIgniter->runController(Object(App\Controllers\Main\Dashboard))
 6 SYSTEMPATH\CodeIgniter.php(353): CodeIgniter\CodeIgniter->handleRequest(null, Object(Config\Cache), false)
 7 FCPATH\index.php(79): CodeIgniter\CodeIgniter->run()
 8 SYSTEMPATH\Commands\Server\rewrite.php(47): require_once('C:\\xampp\\htdocs\\project-pkl\\public\\index.php')
CRITICAL - 2023-09-12 07:58:25 --> Invalid file: "login.php"
in SYSTEMPATH\Exceptions\FrameworkException.php on line 39.
 1 SYSTEMPATH\View\View.php(214): CodeIgniter\Exceptions\FrameworkException::forInvalidFile('login.php')
 2 SYSTEMPATH\Common.php(1188): CodeIgniter\View\View->render('login', [], true)
 3 APPPATH\Controllers\Main\Dashboard.php(61): view('login')
 4 SYSTEMPATH\CodeIgniter.php(919): App\Controllers\Main\Dashboard->signin()
 5 SYSTEMPATH\CodeIgniter.php(494): CodeIgniter\CodeIgniter->runController(Object(App\Controllers\Main\Dashboard))
 6 SYSTEMPATH\CodeIgniter.php(353): CodeIgniter\CodeIgniter->handleRequest(null, Object(Config\Cache), false)
 7 FCPATH\index.php(79): CodeIgniter\CodeIgniter->run()
 8 SYSTEMPATH\Commands\Server\rewrite.php(47): require_once('C:\\xampp\\htdocs\\project-pkl\\public\\index.php')
CRITICAL - 2023-09-12 07:58:26 --> Invalid file: "login.php"
in SYSTEMPATH\Exceptions\FrameworkException.php on line 39.
 1 SYSTEMPATH\View\View.php(214): CodeIgniter\Exceptions\FrameworkException::forInvalidFile('login.php')
 2 SYSTEMPATH\Common.php(1188): CodeIgniter\View\View->render('login', [], true)
 3 APPPATH\Controllers\Main\Dashboard.php(61): view('login')
 4 SYSTEMPATH\CodeIgniter.php(919): App\Controllers\Main\Dashboard->signin()
 5 SYSTEMPATH\CodeIgniter.php(494): CodeIgniter\CodeIgniter->runController(Object(App\Controllers\Main\Dashboard))
 6 SYSTEMPATH\CodeIgniter.php(353): CodeIgniter\CodeIgniter->handleRequest(null, Object(Config\Cache), false)
 7 FCPATH\index.php(79): CodeIgniter\CodeIgniter->run()
 8 SYSTEMPATH\Commands\Server\rewrite.php(47): require_once('C:\\xampp\\htdocs\\project-pkl\\public\\index.php')
CRITICAL - 2023-09-12 07:58:29 --> Invalid file: "login.php"
in SYSTEMPATH\Exceptions\FrameworkException.php on line 39.
 1 SYSTEMPATH\View\View.php(214): CodeIgniter\Exceptions\FrameworkException::forInvalidFile('login.php')
 2 SYSTEMPATH\Common.php(1188): CodeIgniter\View\View->render('login', [], true)
 3 APPPATH\Controllers\Main\Dashboard.php(61): view('login')
 4 SYSTEMPATH\CodeIgniter.php(919): App\Controllers\Main\Dashboard->signin()
 5 SYSTEMPATH\CodeIgniter.php(494): CodeIgniter\CodeIgniter->runController(Object(App\Controllers\Main\Dashboard))
 6 SYSTEMPATH\CodeIgniter.php(353): CodeIgniter\CodeIgniter->handleRequest(null, Object(Config\Cache), false)
 7 FCPATH\index.php(79): CodeIgniter\CodeIgniter->run()
 8 SYSTEMPATH\Commands\Server\rewrite.php(47): require_once('C:\\xampp\\htdocs\\project-pkl\\public\\index.php')
CRITICAL - 2023-09-12 07:58:53 --> Invalid file: "/sign-in.php"
in SYSTEMPATH\Exceptions\FrameworkException.php on line 39.
 1 SYSTEMPATH\View\View.php(214): CodeIgniter\Exceptions\FrameworkException::forInvalidFile('/sign-in.php')
 2 SYSTEMPATH\Common.php(1188): CodeIgniter\View\View->render('/sign-in', [], true)
 3 APPPATH\Controllers\Main\Dashboard.php(61): view('/sign-in')
 4 SYSTEMPATH\CodeIgniter.php(919): App\Controllers\Main\Dashboard->signin()
 5 SYSTEMPATH\CodeIgniter.php(494): CodeIgniter\CodeIgniter->runController(Object(App\Controllers\Main\Dashboard))
 6 SYSTEMPATH\CodeIgniter.php(353): CodeIgniter\CodeIgniter->handleRequest(null, Object(Config\Cache), false)
 7 FCPATH\index.php(79): CodeIgniter\CodeIgniter->run()
 8 SYSTEMPATH\Commands\Server\rewrite.php(47): require_once('C:\\xampp\\htdocs\\project-pkl\\public\\index.php')
CRITICAL - 2023-09-12 07:59:08 --> Invalid file: "/sign-in.php"
in SYSTEMPATH\Exceptions\FrameworkException.php on line 39.
 1 SYSTEMPATH\View\View.php(214): CodeIgniter\Exceptions\FrameworkException::forInvalidFile('/sign-in.php')
 2 SYSTEMPATH\Common.php(1188): CodeIgniter\View\View->render('/sign-in', [], true)
 3 APPPATH\Controllers\Main\Dashboard.php(61): view('/sign-in')
 4 SYSTEMPATH\CodeIgniter.php(919): App\Controllers\Main\Dashboard->signin()
 5 SYSTEMPATH\CodeIgniter.php(494): CodeIgniter\CodeIgniter->runController(Object(App\Controllers\Main\Dashboard))
 6 SYSTEMPATH\CodeIgniter.php(353): CodeIgniter\CodeIgniter->handleRequest(null, Object(Config\Cache), false)
 7 FCPATH\index.php(79): CodeIgniter\CodeIgniter->run()
 8 SYSTEMPATH\Commands\Server\rewrite.php(47): require_once('C:\\xampp\\htdocs\\project-pkl\\public\\index.php')
CRITICAL - 2023-09-12 07:59:10 --> Invalid file: "/sign-in.php"
in SYSTEMPATH\Exceptions\FrameworkException.php on line 39.
 1 SYSTEMPATH\View\View.php(214): CodeIgniter\Exceptions\FrameworkException::forInvalidFile('/sign-in.php')
 2 SYSTEMPATH\Common.php(1188): CodeIgniter\View\View->render('/sign-in', [], true)
 3 APPPATH\Controllers\Main\Dashboard.php(61): view('/sign-in')
 4 SYSTEMPATH\CodeIgniter.php(919): App\Controllers\Main\Dashboard->signin()
 5 SYSTEMPATH\CodeIgniter.php(494): CodeIgniter\CodeIgniter->runController(Object(App\Controllers\Main\Dashboard))
 6 SYSTEMPATH\CodeIgniter.php(353): CodeIgniter\CodeIgniter->handleRequest(null, Object(Config\Cache), false)
 7 FCPATH\index.php(79): CodeIgniter\CodeIgniter->run()
 8 SYSTEMPATH\Commands\Server\rewrite.php(47): require_once('C:\\xampp\\htdocs\\project-pkl\\public\\index.php')
CRITICAL - 2023-09-12 07:59:11 --> Invalid file: "/sign-in.php"
in SYSTEMPATH\Exceptions\FrameworkException.php on line 39.
 1 SYSTEMPATH\View\View.php(214): CodeIgniter\Exceptions\FrameworkException::forInvalidFile('/sign-in.php')
 2 SYSTEMPATH\Common.php(1188): CodeIgniter\View\View->render('/sign-in', [], true)
 3 APPPATH\Controllers\Main\Dashboard.php(61): view('/sign-in')
 4 SYSTEMPATH\CodeIgniter.php(919): App\Controllers\Main\Dashboard->signin()
 5 SYSTEMPATH\CodeIgniter.php(494): CodeIgniter\CodeIgniter->runController(Object(App\Controllers\Main\Dashboard))
 6 SYSTEMPATH\CodeIgniter.php(353): CodeIgniter\CodeIgniter->handleRequest(null, Object(Config\Cache), false)
 7 FCPATH\index.php(79): CodeIgniter\CodeIgniter->run()
 8 SYSTEMPATH\Commands\Server\rewrite.php(47): require_once('C:\\xampp\\htdocs\\project-pkl\\public\\index.php')
CRITICAL - 2023-09-12 07:59:20 --> Invalid file: "/sign-in.php"
in SYSTEMPATH\Exceptions\FrameworkException.php on line 39.
 1 SYSTEMPATH\View\View.php(214): CodeIgniter\Exceptions\FrameworkException::forInvalidFile('/sign-in.php')
 2 SYSTEMPATH\Common.php(1188): CodeIgniter\View\View->render('/sign-in', [], true)
 3 APPPATH\Controllers\Main\Dashboard.php(61): view('/sign-in')
 4 SYSTEMPATH\CodeIgniter.php(919): App\Controllers\Main\Dashboard->signin()
 5 SYSTEMPATH\CodeIgniter.php(494): CodeIgniter\CodeIgniter->runController(Object(App\Controllers\Main\Dashboard))
 6 SYSTEMPATH\CodeIgniter.php(353): CodeIgniter\CodeIgniter->handleRequest(null, Object(Config\Cache), false)
 7 FCPATH\index.php(79): CodeIgniter\CodeIgniter->run()
 8 SYSTEMPATH\Commands\Server\rewrite.php(47): require_once('C:\\xampp\\htdocs\\project-pkl\\public\\index.php')
CRITICAL - 2023-09-12 09:22:58 --> Invalid file: "welcome_massage.php"
in SYSTEMPATH\Exceptions\FrameworkException.php on line 39.
 1 SYSTEMPATH\View\View.php(214): CodeIgniter\Exceptions\FrameworkException::forInvalidFile('welcome_massage.php')
 2 SYSTEMPATH\Common.php(1188): CodeIgniter\View\View->render('welcome_massage', [], true)
 3 APPPATH\Controllers\Main\Dashboard.php(109): view('welcome_massage')
 4 SYSTEMPATH\CodeIgniter.php(919): App\Controllers\Main\Dashboard->home()
 5 SYSTEMPATH\CodeIgniter.php(494): CodeIgniter\CodeIgniter->runController(Object(App\Controllers\Main\Dashboard))
 6 SYSTEMPATH\CodeIgniter.php(353): CodeIgniter\CodeIgniter->handleRequest(null, Object(Config\Cache), false)
 7 FCPATH\index.php(79): CodeIgniter\CodeIgniter->run()
 8 SYSTEMPATH\Commands\Server\rewrite.php(47): require_once('C:\\xampp\\htdocs\\project-pkl\\public\\index.php')
CRITICAL - 2023-09-12 09:23:06 --> Invalid file: "welcome_massage.php"
in SYSTEMPATH\Exceptions\FrameworkException.php on line 39.
 1 SYSTEMPATH\View\View.php(214): CodeIgniter\Exceptions\FrameworkException::forInvalidFile('welcome_massage.php')
 2 SYSTEMPATH\Common.php(1188): CodeIgniter\View\View->render('welcome_massage', [], true)
 3 APPPATH\Controllers\Main\Dashboard.php(109): view('welcome_massage')
 4 SYSTEMPATH\CodeIgniter.php(919): App\Controllers\Main\Dashboard->home()
 5 SYSTEMPATH\CodeIgniter.php(494): CodeIgniter\CodeIgniter->runController(Object(App\Controllers\Main\Dashboard))
 6 SYSTEMPATH\CodeIgniter.php(353): CodeIgniter\CodeIgniter->handleRequest(null, Object(Config\Cache), false)
 7 FCPATH\index.php(79): CodeIgniter\CodeIgniter->run()
 8 SYSTEMPATH\Commands\Server\rewrite.php(47): require_once('C:\\xampp\\htdocs\\project-pkl\\public\\index.php')
